  [1m[36m (2.4ms)[0m  [1mCREATE TABLE "schema_migrations" ("version" character varying(255) NOT NULL) [0m
  [1m[35m (1.5ms)[0m  CREATE UNIQUE INDEX  "unique_schema_migrations" ON "schema_migrations"  ("version")
  [1m[36mActiveRecord::SchemaMigration Load (0.3ms)[0m  [1mSELECT "schema_migrations".* FROM "schema_migrations"[0m
Migrating to CreateLostings (20140815180951)
  [1m[35m (0.1ms)[0m  BEGIN
  [1m[36m (5.4ms)[0m  [1mCREATE TABLE "lostings" ("id" serial primary key, "user_id" integer, "pet_name" character varying(20) NOT NULL, "animal_type" character varying(20) NOT NULL, "size" character varying(50) NOT NULL, "breed" character varying(50) NOT NULL, "coat_color" character varying(50) NOT NULL, "coat_length" character varying(50) NOT NULL, "Lat" decimal NOT NULL, "Lng" decimal NOT NULL, "tag" character varying(255), "detail" text, "event_date" timestamp NOT NULL, "created_at" timestamp, "updated_at" timestamp) [0m
  [1m[35mSQL (0.4ms)[0m  INSERT INTO "schema_migrations" ("version") VALUES ($1)  [["version", "20140815180951"]]
  [1m[36m (0.5ms)[0m  [1mCOMMIT[0m
Migrating to CreateSightings (20140815181016)
  [1m[35m (0.2ms)[0m  BEGIN
  [1m[36m (4.5ms)[0m  [1mCREATE TABLE "sightings" ("id" serial primary key, "user_id" integer, "animal_type" character varying(20) NOT NULL, "size" character varying(20) NOT NULL, "breed" character varying(50) NOT NULL, "coat_color" character varying(50) NOT NULL, "coat_length" character varying(50) NOT NULL, "Lat" decimal NOT NULL, "Lng" decimal NOT NULL, "tag" character varying(255), "detail" text, "event_date" timestamp NOT NULL, "found" boolean, "created_at" timestamp, "updated_at" timestamp) [0m
  [1m[35mSQL (0.2ms)[0m  INSERT INTO "schema_migrations" ("version") VALUES ($1)  [["version", "20140815181016"]]
  [1m[36m (0.6ms)[0m  [1mCOMMIT[0m
Migrating to CreateUsers (20140815181023)
  [1m[35m (0.3ms)[0m  BEGIN
  [1m[36m (3.8ms)[0m  [1mCREATE TABLE "users" ("id" serial primary key, "email" character varying(255), "password_digest" character varying(255), "created_at" timestamp, "updated_at" timestamp) [0m
  [1m[35mSQL (0.2ms)[0m  INSERT INTO "schema_migrations" ("version") VALUES ($1)  [["version", "20140815181023"]]
  [1m[36m (0.5ms)[0m  [1mCOMMIT[0m
Migrating to AddAttachmentAvatarToLostings (20140816010440)
  [1m[35m (0.5ms)[0m  BEGIN
  [1m[36m (0.9ms)[0m  [1mALTER TABLE "lostings" ADD COLUMN "avatar_file_name" character varying(255)[0m
  [1m[35m (0.3ms)[0m  ALTER TABLE "lostings" ADD COLUMN "avatar_content_type" character varying(255)
  [1m[36m (0.3ms)[0m  [1mALTER TABLE "lostings" ADD COLUMN "avatar_file_size" integer[0m
  [1m[35m (0.3ms)[0m  ALTER TABLE "lostings" ADD COLUMN "avatar_updated_at" timestamp
  [1m[36mSQL (0.2ms)[0m  [1mINSERT INTO "schema_migrations" ("version") VALUES ($1)[0m  [["version", "20140816010440"]]
  [1m[35m (0.4ms)[0m  COMMIT
Migrating to AddAttachmentAvatarToSightings (20140816010450)
  [1m[36m (0.2ms)[0m  [1mBEGIN[0m
  [1m[35m (0.4ms)[0m  ALTER TABLE "sightings" ADD COLUMN "avatar_file_name" character varying(255)
  [1m[36m (0.4ms)[0m  [1mALTER TABLE "sightings" ADD COLUMN "avatar_content_type" character varying(255)[0m
  [1m[35m (0.3ms)[0m  ALTER TABLE "sightings" ADD COLUMN "avatar_file_size" integer
  [1m[36m (0.3ms)[0m  [1mALTER TABLE "sightings" ADD COLUMN "avatar_updated_at" timestamp[0m
  [1m[35mSQL (0.7ms)[0m  INSERT INTO "schema_migrations" ("version") VALUES ($1)  [["version", "20140816010450"]]
  [1m[36m (0.4ms)[0m  [1mCOMMIT[0m
  [1m[35mActiveRecord::SchemaMigration Load (0.6ms)[0m  SELECT "schema_migrations".* FROM "schema_migrations"
